total 224
-rw-rw-r--  1 bbrelin bbrelin     0 Jun 30 15:14 dir.out
drwxrwxr-x  5 bbrelin bbrelin  4096 Jun 30 13:24 course-creator-frontnd
drwxrwxr-x  4 bbrelin bbrelin  4096 Jun 30 13:23 course-creator-backend
drwxrwxr-x  2 bbrelin bbrelin  4096 Jun 30 12:52 __pycache__
-rw-rw-r--  1 bbrelin bbrelin  3036 Jun 30 12:52 main.py
-rwxrwxr-x  1 bbrelin bbrelin  1425 Jun 30 12:50 main_simple.py
drwxrwxr-x  7 bbrelin bbrelin  4096 Jun 30 12:47 api
-rw-rw-r--  1 bbrelin bbrelin  2247 Jun 30 12:39 main.py.back
drwxrwxr-x 18 bbrelin bbrelin  4096 Jun 30 12:39 services
drwxrwxr-x 10 bbrelin bbrelin  4096 Jun 30 12:39 shared
-rw-rw-r--  1 bbrelin bbrelin 55072 Jun 30 12:24 package-lock.json
-rw-rw-r--  1 bbrelin bbrelin   417 Jun 30 12:24 package.json
drwxrwxr-x 86 bbrelin bbrelin  4096 Jun 30 12:24 node_modules
drwxrwxr-x  5 bbrelin bbrelin  4096 Jun 26 10:58 templates
drwxrwxr-x  5 bbrelin bbrelin  4096 Jun 26 10:57 static
-rwxrwxr-x  1 bbrelin bbrelin 19727 Jun 26 10:53 setup-database.py
-rw-rw-r--  1 bbrelin bbrelin 11691 Jun 26 09:49 create-course-creator-schema.sql
-rw-rw-r--  1 bbrelin bbrelin  2464 Jun 26 09:31 foo.sh
-rw-rw-r--  1 bbrelin bbrelin   673 Jun 26 09:23 docker-compose.enrollment.yml
-rw-rw-r--  1 bbrelin bbrelin   697 Jun 26 09:21 docker-compose.content-management.yml
-rw-rw-r--  1 bbrelin bbrelin   688 Jun 26 09:19 docker-compose.user-management.yml
-rw-rw-r--  1 bbrelin bbrelin   694 Jun 26 09:14 docker-compose.course-management.yml
-rw-rw-r--  1 bbrelin bbrelin   248 Jun 26 09:11 fix-main-template.sed
-rw-rw-r--  1 bbrelin bbrelin  1934 Jun 26 09:11 fix-agent-comprehensive.py
-rw-rw-r--  1 bbrelin bbrelin   679 Jun 24 10:15 docker-compose.test-service.yml
-rw-rw-r--  1 bbrelin bbrelin   841 Jun 24 09:05 requirements.txt
drwxrwxr-x  7 bbrelin bbrelin  4096 Jun 24 06:28 scripts
drwxrwxr-x  7 bbrelin bbrelin  4096 Jun 24 06:28 config
-rw-rw-r--  1 bbrelin bbrelin  1076 Jun 24 06:28 LICENSE
drwxrwxr-x  2 bbrelin bbrelin  4096 Jun 24 06:28 logs
drwxrwxr-x  6 bbrelin bbrelin  4096 Jun 24 06:28 monitoring
-rw-rw-r--  1 bbrelin bbrelin    69 Jun 24 06:28 README.md
drwxrwxr-x  5 bbrelin bbrelin  4096 Jun 24 06:28 security
drwxrwxr-x  6 bbrelin bbrelin  4096 Jun 24 06:28 tools
drwxrwxr-x  5 bbrelin bbrelin  4096 Jun 24 06:28 data
drwxrwxr-x  6 bbrelin bbrelin  4096 Jun 24 06:28 docs
drwxrwxr-x  6 bbrelin bbrelin  4096 Jun 24 06:28 tests
drwxrwxr-x  6 bbrelin bbrelin  4096 Jun 24 06:28 infrastructure
